Quimo
Uliseso
Simóno
Wáltero
Xenia
Yago
Zaira
Adriana
Yago
Benjamíno
Darío
Benjamíno
Estefanía
Darío
Gisela
Héctoro
Karla
Héctoro
Matilda
Noéo
Noéo
Ofelia
Noéo
Salma
Salma
Urielo
Verónica
Teodoro
Urielo
Basilio
Candelaria
Dariana
Elíaso
Elíaso
Gonzalito
Gonzalito
Hilda
Isidoro
Leandro
Milagroso
Milagroso
Norberto
Patricio
Rosalía
Silvestreo
Silvestreo
Rosalía
Ubaldo
Wilma
Ximeno
Ximeno
Zulema
Zulema
Aníbalo
Zulema
Ciro
Delfina
Ciro
Genaro
Hortensia
Hortensia
Ikero
Kiano
Kiano
Maximiliano
Néstoro
Lía
Otilia
Quiana
Quiana
Seleneo
Tadeo
Rocco
Wenceslao
Tadeo
Ailéno
Dalia
Ailéno
Fabiola
Fabiola
Hilario
Ivetteo
Jairo
Hilario
Ivetteo
Lázaro
Nerea
Octavia
Pía
Pía
Quetzallio
Rina
Wallyo
Xochitlo
Xochitlo
Zafiro
Amparo
Amparo
Celina
Celina
Braiano
Celina
Gildardo
Heloísa
Iñakio
Jovana
Jovana
Lisetteo
Jovana
Oreno
Oreno
Quirina
Ubalda
Vespero
Vespero
Wilmero
Xena
Basilia
Elvira
Elvira
Delfíno
Elvira
Yadira
Melina
Selina
Yadira
Amalio
Ciro
Dacia
Eulalio
Fabia
Fabia
Hesperio
Hesperio
Iaro
Hesperio
Kaela
Jaziela
Kaela
Nidio
Pacorra
Pacorra
Orestesa
Saela
Saela
Tadea
Vesto
Wadiha
Xalvadora
Vesto
Zacaríasa
Aritza
Briso
Cibelesa
Aritza
Briso
Froilána
Froilána
Hannio
Itxasa
Jandiela
Jandiela
Ludmilo
Jandiela
Kaléna
Oihanea
Melquiadesa
Pervinco
Raysela
Pervinco
Quircea
Raysela
Vespera
Tirsa
Xarenia
Arcadio
Arcadio
Xarenia
Diodoro
Eudoxia
Fructuoso
Diodoro
Eudoxia
Fructuoso
Ildefonso
Nature
Ildefonso
Jerónides
Nébeda
Océano
Miosotis
Petronila
Rhadamanto
Rhadamanto
Tácito
Tácito
Sibila
Waldemar
Ulpiano
Xaloc
Zelote
Xaloc
Enekoitz
Zelote
Enekoitz
Junkal
Hodei
Leovigildo
Nuño
Nuño
Munio
Nuño
Electra
Paio
Galaxia
Hésper
Zurbarán
Hésper
Lope
Quevedo
Gongorino
Sorolla
Gundisalvo
Narciso
Narciso
Wifredo
Sofío
Sofío
Valentino
Leonarda
Isabello
Valentino
Camilo
Diega
Mariano
Nicolása
Gabrielo
Mariano
Samuela
Gabrielo
Renato
Alejandra
Daniela
Emmo
Juliána
Emmo
Juliána
Davida
Martína
Claro
Davida
Adriána
Huga
Jimeno
Tereso
Santiaga
Felipea
Tereso
Carlo
Joaquína
Joaquína
Andrésa
Joaquína
Tomása
Valerio
Valerio
Eliso
Valerio
Gonzala
Aitano
Gonzala
Saro
Aitano
Bruna
Raúla
Raúla
Emiliana
Sola
Emiliana
Leticio
Abrila
Damiána
Damiána
Abrila
Greto
Eleno
Javiera
Kiaro
Kiaro
Palomo
Kiaro
Quima
Simóna
Quima
Ulisesa
Ulisesa
Violeto
Ulisesa
Yaga
Wáltera
Adriano
Benjamína
Celestea
Adriano
Estefanío
Celestea
Giselo
Héctora
Ivano
Ivano
Karlo
Ivano
Matildo
Noéa
Matildo
Pabla
Quetzala
Salmo
Quetzala
Verónico
Verónico
Uriela
Agustino
Candelario
Dariano
Dariano
Candelario
Dariano
Hildo
Isidora
Gonzalita
Kassandro
Leandra
Norberta
Patricia
Quirina
Rosalío
Silvestrea
Teodoro
Rosalío
Valeria
Valeria
Ubalda
Yessenio
Wilmo
Ximena
Berenicea
Berenicea
Cira
Delfino
Cira
Genara
Hortensio
Faustina
Jasmína
Hortensio
Lío
Lío
Maximiliana
Otilio
Otilio
Néstora
Otilio
Priscilo
Tadea
Tadea
Vanio
Wenceslaa
Vanio
Dalio
Ezequiela
Ezequiela
Fabiolo
Hilaria
Ivettea
Jaira
Kiro
Lázara
Lázara
Mabela
Lázara
Octavio
Pío
Rino
Salvatorea
Salvatorea
Wallya
Yaro
Wallya
Zafira
Braiana
Celino
Doriana
Eliano
Faustino
Gildarda
Heloíso
Iñakia
Iñakia
Lisettea
Lisettea
Jovano
Orena
Quirino
Sorena
Orena
Vespera
Wilmera
Ubaldo
Xeno
Delfína
Xeno
Elviro
Delfína
Melino
Flavia
Melino
Iñiga
Sofía
Mateo
Iñiga
Leonardo
Mateo
Sebastiáno
Leonardo
Isabella
Diego
Nicoláso
Gabriela
Mariana
Lucía
Danielo
Renata
Renata
Danielo
Renata
Ana
Ana
Martíno
Paula
Clara
Hugo
Laura
Adriáno
Hugo
Felipeo
Adriáno
Santiago
Santiago
Victoria
Manuelo
Joaquíno
Mía
Andréso
Natalia
Natalia
Valeria
Natalia
Tomáso
Gonzalo
Cristiano
Lucaso
Gonzalo
Sara
Iváno
Ximena
Raúlo
Raúlo
Leticia
Solo
Solo
Leticia
Abrilo
Damiáno
Elena
Facundo
Facundo
Inéso
Inéso
Kiara
Inéso
Paloma
Paloma
Raquelo
Paloma
Tania
Tania
Simóno
Wáltero
Xenia
Yago
Zaira
Xenia
Adriana
Celesteo
Darío
Estefanía
Celesteo
Gisela
Héctoro
Ivana
Gisela
Lisandro
Matilda
Karla
Lisandro
Matilda
Quetzalo
Salma
Teodoro
Urielo
Verónica
Wilfredo
Wilfredo
Agustina
Candelaria
Candelaria
Basilio
Elíaso
Gonzalito
Hilda
Isidoro
Kassandra
Leandro
Milagroso
Norberto
Pa
Norberto
Quirino
Quirino
Rosalía
Teodora
Teodora
Ubaldo
Valerio
Ximeno
Wilma
Yessenia
Aníbalo
Aníbalo
Bereniceo
Ciro
Elio
Elio
Genaro
Genaro
Hortensia
Ikero
Jasmíno
Jasmíno
Kiano
Maximiliano
Néstoro
Néstoro
Otilia
Priscila
Rocco
Seleneo
Seleneo
Vania
Ailéno
Ailéno
Braulio
Dalia
Ezequielo
Fabiola
Fabiola
Ivetteo
Ivetteo
Jairo
Lázaro
Lázaro
Mabelo
Mabelo
Nerea
Octavia
Pía
Rina
Salvatoreo
Wallyo
Yara
Xochitlo
Yara
Amparo
Celina
Doriano
Doriano
Doriano
Faustina
Gildardo
Heloísa
Iñakio
Lisetteo
Micaela
Micaela
Nicanoro
Oreno
Quirina
Soreno
Soreno
Wilmero
Wilmero
Xena
Basilia
Elvira
Flavio
Flavio
Flavio
Melina
Yadira
Ailíno
Amalio
Amalio
Baltasara
Dacia
Eulalio
Eulalio
Gala
Gala
Gala
Iaro
Kaela
Kaela
Liro
Nidio
Orestesa
Pacorra
Pacorra
Querubína
Saela
Saela
Tadea
Uxía
Vesto
Vesto
Yumala
Yumala
Zacaríasa
Aritza
Aritza
Dánaea
Dánaea
Eneka
Froilána
Hannio
Itxasa
Itxasa
Jandiela
Ludmilo
Melquiadesa
Melquiadesa
Oihanea
Pervinco
Pervinco
Raysela
Suhaila
Raysela
Tirsa
Unaia
Vespera
Xarenia
Xarenia
Mateo
Sofía
Leonardo
Leonardo
Isabella
Camila
Sebastiáno
Diego
Mariana
Mariana
Nicoláso
Gabriela
Lucía
Danielo
Renata
Emma
Emma
Ana
Martíno
Martíno
Paula
Clara
Clara
Hugo
Laura
Adriáno
Jimena
Teresa
Teresa
Santiago
Victoria
Manuelo
Carla
Joaquíno
Mía
Mía
Andréso
Valeria
Valeria
Cristiano
Gonzalo
Gonzalo
Aitana
Aitana
Bruno
Iváno
Ximena
Ximena
Raúlo
Emiliano
Leticia
Leticia
Solo
Fernando
Agustíno
Damiáno
Elena
Facundo
Facundo
Javiero
Kiara
Octavio
Kiara
Quimo
Quimo
Quimo
Simóno
Tania
Violeta
Uliseso
Wáltero
Xenia
Xenia
Yago
Benjamíno
Adriana
Benjamíno
Darío
Federico
Estefanía
Federico
Héctoro
Karla
Lisandro
Lisandro
Matilda
Ofelia
Noéo
Pablo
Pablo
Salma
Teodoro
Urielo
Wilfredo
Agustina
Basilio
Candelaria
Basilio
Candelaria
Florencia
Florencia
Hilda
Hilda
Isidoro
Kassandra
Kassandra
Milagroso
Norberto
Quirino
Quirino
Rosalía
Silvestreo
Ubaldo
Ubaldo
Wilma
Wilma
Wilma
Zulema
Yessenia
Bereniceo
Aníbalo
Ciro
Delfina
Elio
Faustino
Faustino
Hortensia
Ikero
Kiano
Lía
Lía
Maximiliano
Otilia
Néstoro
Quiana
Quiana
Rocco
Seleneo
Tadeo
Wenceslao
Wenceslao
Braulio
Braulio
Ezequielo
Fabiola
Fabiola
Fabiola
Hilario
Jairo
Kira
Lázaro
Lázaro
Mabelo
Mabelo
Octavia
Quetzallio
Quetzallio
Salvatoreo
Salvatoreo
Wallyo
Xochitlo
Xochitlo
Zafiro
Amparo
Braiano
Doriano
Doriano
Eliana
Faustina
Gildardo
Iñakio
Iñakio
Jovana
Lisetteo
Nicanoro
Oreno
Oreno
Oreno
Soreno
Soreno
Vespero
Vespero
Basilia
Delfíno
Delfíno
Elvira
Melina
Selina
Selina
Yadira
Ailíno
Sofío
Iñigo
Valentino
Leonarda
Leonarda
Isabello
Sebastiána
Camilo
Diega
Nicolása
Nicolása
Samuela
Samuela
Lucío
Renato
Alejandra
Alejandra
Emmo
Ano
Ano
Martína
Paulo
Davida
Claro
Lauro
Adriána
Adriána
Felipea
Jimeno
Tereso
Santiaga
Victorio
Manuela
Manuela
Mío
Joaquína
Natalio
Natalio
Valerio
Valerio
Cristiana
Cristiana
Eliso
Lucasa
Aitano
Bruna
Saro
Ivána
Raúla
Raúla
Raúla
Sola
Sola
Agustína
Fernanda
Agustína
Damiána
Facunda
Facunda
Inésa
Javiera
Inésa
Kiaro
Palomo
Palomo
Quima
Simóna
Simóna
Ulisesa
Ulisesa
Violeto
Violeto
Yaga
Xenio
Zairo
Zairo
Benjamína
Daría
Estefanío
Federica
Federica
Federica
Héctora
Ivano
Karlo
Lisandra
Matildo
Ofelio
Pabla
Ofelio
Quetzala
Teodora
Uriela
Uriela
Wilfreda
Wilfreda
Agustino
Agustino
Candelario
Dariano
Florencio
Florencio
Gonzalita
Hildo
Isidora
Isidora
Milagrosa
Milagrosa
Patricia
Patricia
Quirina
Rosalío
Teodoro
Silvestrea
Valeria
Valeria
Valeria
Ximena
Ximena
Zulemo
Zulemo
Aníbala
Berenicea
Cira
Faustina
Elia
Hortensio
Genara
Jasmína
Kiana
Kiana
Maximiliana
Maximiliana
Maximiliana
Priscilo
Quiano
Rocca
Selenea
Tadea
Selenea
Wenceslaa
Wenceslaa
Ailéna
Dalio
Dalio
Ezequiela
Fabiolo
Hilaria
Ivettea
Ivettea
Jaira
Jaira
Mabela
Lázara
Nereo
Octavio
Pío
Quetzallia
Rino
Salvatorea
Wallya
Wallya
Yaro
Ampara
Ampara
Braiana
Celino
Doriana
Faustino
Faustino
Gildarda
Heloíso
Iñakia
Lisettea
Jovano
Nicanora
Nicanora
Orena
Orena
Ubaldo
Vespera
Vespera
Wilmera
Xeno
Delfína
Elviro
Delfína
Flavia
Selino
Yadiro
Yadiro
Iñiga
Amalia
Baltasaro
Cira
Cira
Cira
Fabio
Eulalia
Fabio
Hesperia
Iara
Kaelo
Kaelo
Lira
Marcio
Oresteso
Oresteso
Oresteso
Querubíno
Saelo
Tadeo
Tadeo
Uxío
Uxío
Wadiho
Wadiho
Zacaríaso
Yumalo
Zacaríaso
Aritzo
Cibeleso
Cibeleso
Froiláno
Froiláno
Froiláno
Itxaso
Itxaso
Jandielo
Jandielo
Melquiadeso
Melquiadeso
Oihaneo
Oihaneo
Pervinca
Quirceo
Quirceo
Suhailo
Unaio
Unaio
Vespero
Xarenio
Xarenio
Xarenio
Belisaria
Covadongo
Diodora
Diodora
Gumersinda
Fructuosa
Ildefonsa
Ildefonsa
Jerónidesa
Jerónidesa
Naturea
Nébedo
Océana
Nébedo
Petronilo
Rhadamanta
Sibilo
Tácita
Tácita
Valkirio
Ulpiana
Waldemara
Xaloca
Yohuala
Zelotea
Enekoitza
Garailea
Iratxea
Iratxea
Junkala
Munia
Nuña
Nuña
Odoaria
Odoaria
Electro
Electro
Galaxio
Héspera
Zurbarána
Zurbarána
Lopea
Gongorina
Lopea
Anastasia
Anastasia
Anastasia
Narcisa
Teodosia
Wifreda
atxea
Junkala
Munia
Nuña
Odoaria
Odoaria
Odoaria
Electro
Electro
Galaxio
Orióna
Orióna
Zurbarána
Gongorina
Queveda
Lopea
Anastasia
Anastasia
Gundisalva
Gundisalva
Teodosia
atxea
Wifreda
Junkala
Munia
Nuña
Odoaria
Odoaria
Céfira
Céfira
Electro
Héspera
Orióna
Orióna
Gongorina
Lopea
Queveda
Lopea
Sorollo
Anastasia
Narcisa
Teodosia
Teodosia
Wifreda
Junkala
Leovigilda
Munia
Munia
Nuña
Paia
Paia
Electro
Céfira
Héspera
Orióna
Héspera
Zurbarána
Gongorina
Queveda
Sorollo
Sorollo
Anastasia
Narcisa
Narcisa
Teodosia
Wifreda
Junkala
Junkala
Junkala
Leovigilda
Nuña
Odoaria
Odoaria
Electro
Electro
Héspera
Orióna
Zurbarána
Zurbarána
Zurbarána
Lopea
Queveda
Queveda
Anastasia
Narcisa
Narcisa
Narcisa
Wifreda
atxea
Leovigilda
Junkala
Leovigilda
Nuña
Odoaria
Paia
Electro
Galaxio
Galaxio
Orióna
Orióna
Gongorina
Gongorina
Queveda
Lopea
Sorollo
Anastasia
Anastasia
Teodosia
Wifreda
Teodosia
Wifreda
Junkala
Junkala
Munia
Nuña
Odoaria
Céfira
Céfira
Electro
Héspera
Héspera
Héspera
Orióna
Zurbarána
Lopea
Sorollo
Anastasia
Gundisalva
Anastasia
Teodosia
Teodosia
Teodosia
atxea
Junkala
Munia
Munia
Odoaria
Nuña
Paia
Electro
Galaxio
Héspera
Héspera
Héspera
Zurbarána
Lopea
Gongorina
Queveda
Queveda
Gundisalva
Gundisalva
Teodosia
Wifreda
atxea
Junkala
Junkala
Junkala
Munia
Nuña
Paia
Danae
Paia
Danae
Paia
Odoaria
Paia
Kiara
Javiero
Odoaria
Danae
Facundo
Danae
Damiáno
Danae
Danae
Fernando
Solo
Leticia
Emiliano
Danae
Danae
Danae
Danae
Paia
Aitana
Danae
Danae
Danae
Cristiano
Danae
Tomáso
Paia
Andréso
Mía
Odoaria
Danae
Danae
Victoria
Santiago
Teresa
Felipeo
Jimena
Adriáno
Paia
Danae
Paia
Odoaria
Paula
Danae
Ana
Juliáno
Emma
Alejandro
Danae
Danae
Danae
Samuelo
Gabriela
Nicoláso
Danae
Diego
Paia
Sebastiáno
Isabella
Danae
Danae
Odoaria
Sofía
Iñiga
Ailína
Yadiro
Danae
Danae
Paia
Elviro
Delfína
Odoaria
Danae
Odoaria
Paia
Danae
Paia
Danae
Danae
Odoaria
Danae
Danae
Jovano
Danae
Paia
Gildarda
Danae
Eliano
Danae
Odoaria
Paia
Odoaria
Danae
Yaro
Xochitla
Danae
Danae
Rino
Quetzallia
Odoaria
Octavio
Odoaria
Mabela
Odoaria
Kiro
Danae
Danae
Danae
Danae
Danae
Danae
Danae
Braulia
Ailéna
Wenceslaa
Vanio
Danae
Danae
Rocca
Danae
Priscilo
Danae
Danae
Danae
Lío
Kiana
Danae
Danae
Hortensio
Genara
Paia
Elia
Delfino
Cira
Berenicea
Danae
Zulemo
Yessenio
Danae
Danae
Paia
Odoaria
Danae
Danae
Danae
Odoaria
Danae
Odoaria
Danae
Odoaria
Paia
Danae
Danae
Gonzalita
Danae
Elíasa
Danae
Danae
Paia
Odoaria
Danae
Verónico
Uriela
Odoaria
Danae
Quetzala
Danae
Ofelio
Noéa
Matildo
Danae
Karlo
Ivano
Odoaria
Giselo
Odoaria
Estefanío
Danae
Celestea
Odoaria
Adriano
Zairo
Danae
Odoaria
Danae
Odoaria
Ulisesa
Danae
Paia
Danae
Danae
Odoaria
Danae
Odoaria
Javiera
Inésa
Danae
Facunda
Danae
Danae
Danae
Agustína
Fernanda
Odoaria
Leticio
Odoaria
Raúla
Ximeno
Danae
Saro
Danae
Aitano
Danae
Odoaria
Danae
Danae
Valerio
Danae
Danae
Andrésa
Mío
Odoaria
Paia
Danae
Danae
Danae
Danae
Odoaria
Paia
Adriána
Danae
Danae
Claro
Davida
Paia
Martína
Danae
Danae
Paia
Alejandra
Renato
Danae
Lucío
Samuela
Danae
Nicolása
Mariano
Danae
Camilo
Sebastiána
Danae
Leonarda
Danae
Matea
Danae
Odoaria
Paia
Odoaria
Unai
Odoaria
Danae
Raysel
Danae
Odoaria
Paia
Odoaria
Danae
Odoaria
Danae
Danae
Danae
Odoaria
Gredos
Danae
Paia
Danae
Danae
Danae
Aritz
Danae
Danae
Xalvador
Paia
Vesta
Danae
Danae
Sael
Rigel
Paia
Odoaria
Danae
Danae
Danae
Lira
Kael
Odoaria
Iara
Danae
Galo
Danae
Danae
Dacio
Paia
Baltasar
Danae
Iñiga
Danae
Yadiro
Danae
Melino
Flavia
Elviro
Delfína
Odoaria
Xeno
Wilmera
Danae
Ubaldo
Sorena
Quirino
Danae
Odoaria
Micaelo
Lisettea
Danae
Iñakia
Danae
Gildarda
Danae
Eliano
Danae
Odoaria
Braiana
Ampara
Danae
Yaro
Paia
Odoaria
Paia
Danae
Danae
Danae
Danae
Odoaria
Mabela
Lázara
Danae
Jaira
Danae
Danae
Danae
Fabiolo
Danae
Dalio
Danae
Odoaria
Danae
Vanio
Danae
Selenea
Rocca
Quiano
Priscilo
Odoaria
Paia
Maximiliana
Danae
Kiana
Danae
Ikera
Danae
Genara
Danae
Odoaria
Danae
Cira
Berenicea
Aníbala
Danae
Danae
Danae
Wilmo
Danae
Odoaria
Paia
Silvestrea
Danae
Odoaria
Danae
Norberta
Milagrosa
Leandra
Danae
Odoaria
Danae
Gonzalita
Florencio
Elíasa
Dariano
Candelario
Basilia
Agustino
Wilfreda
Verónico
Paia
Danae
Danae
Quetzala
Danae
Danae
Danae
Danae
Danae
Karlo
Ivano
Danae
Giselo
Danae
Danae
Odoaria
Paia
Benjamína
Danae
Danae
Paia
Xenio
Danae
Odoaria
Paia
Tanio
Danae
Raquela
Danae
Odoaria
Octavia
Odoaria
Paia
Odoaria
Greto
Odoaria
Paia
Damiána
Paia
Danae
Fernanda
Sola
Danae
Emiliana
Danae
Ximeno
Danae
Danae
Paia
Aitano
Paia
Odoaria
Eliso
Cristiana
Valerio
Danae
Natalio
Odoaria
Danae
Joaquína
Danae
Danae
Paia
Santiaga
Danae
Danae
Jimeno
Odoaria
Lauro
Danae
Danae
Odoaria
Paulo
Martína
Ano
Juliána
Paia
Danae
Danae
Odoaria
Paia
Samuela
Danae
Nicolása
Danae
Diega
Danae
Sebastiána
Paia
Odoaria
Danae
Matea
Paia
Iñigo
Danae
Danae
Paia
Danae
Flavio
Danae
Danae
Basilia
Danae
Wilmer
Paia
Odoaria
Danae
Odoaria
Danae
Odoaria
Danae
Lisette
Paia
Danae
Heloísa
Danae
Faustina
Eliana
Danae
Danae
Braian
Amparo
Paia
Danae
Danae
Wally
Paia
Rina
Quetzalli
Pía
Octavia
Nerea
Paia
Lázaro
Danae
Odoaria
Danae
Odoaria
Danae
Fabiola
Danae
Danae
Danae
Ailén
Danae
Danae
Danae
Odoaria
Danae
Quiana
Danae
Odoaria
Néstor
Odoaria
Paia
Danae
Danae
Iker
Danae
Odoaria
Faustino
Elio
Danae
Ciro
Danae
Aníbal
Zulema
Yessenia
Danae
Odoaria
Paia
Ubaldo
Paia
Silvestre
Danae
Quirino
Danae
Danae
Milagros
Leandro
Danae
Isidoro
Danae
Gonzalito
Danae
Danae
Danae
Candelaria
Danae
Danae
Danae
Danae
Danae
Danae
Danae
Danae
Danae
Ofelia
Danae
Odoaria
Danae
Karla
Danae
Odoaria
Gisela
Danae
Estefanía
Darío
Paia
Benjamín
Paia
Odoaria
Danae
Xenia
Paia
Violeta
Danae
Tania
Danae
Odoaria
Danae
Paloma
Paia
Kiara
Danae
Inés
Paia
Danae
Danae
Danae
Paia
Agustín
Paia
Danae
Leticia
Danae
Danae
Ximena
Danae
Sara
Paia
Aitana
Lucas
Gonzalo
Danae
Danae
Valeria
Odoaria
Danae
Andrés
Mía
Danae
Danae
Danae
Victoria
Santiago
Danae
Odoaria
Jimena
Adrián
Danae
Hugo
Danae
Odoaria
Danae
Martín
Paia
Julián
Danae
Alejandro
Renata
Daniel
Lucía
Odoaria
Gabriela
Danae
Danae
Diego
Camila
Danae
Isabella
Nuña
Valentina
Paia
