Clara
Valentina
Laura
Sebastián
Sebastián
Camila
Diego
Mariana
Victoria
Santiago
Samuel
Santiago
Estefanía
Felipe
Gisela
Cristian
Julián
Martín
Martín
Paula
Carla
Quirino
Natalia
Felipe
Salma
Jimena
Felipe
Emiliano
Mía
Victoria
Manuel
Carla
Joaquín
Agustín
Andrés
Damián
Bruno
Isidoro
Cristian
Elisa
Javier
Kiara
Greta
Bruno
Sara
Agustín
Elena
Inés
Emiliano
Leticia
Greta
Fernando
Celeste
Violeta
Yago
Federico
Gisela
Tania
Inés
Javier
Ulises
Darío
Quim
Benjamín
Raquel
Simón
Uriel
Xenia
Violeta
Hannia
Xenia
Yago
Wilfredo
Adriana
Uriel
Elías
Darío
Elías
Federico
Ofelia
Héctor
Ivana
Karla
Candelaria
Milagros
Candelaria
Ofelia
Pablo
Quetzal
Ubaldo
Milagros
Rina
Basilio
Wilfredo
Dariana
Basilio
Candelaria
Gonzalito
Elías
Celina
Milagros
Silvestre
Isidoro
Kassandra
Leandro
Milagros
Zulema
Lisetteo
Hortensia
Rosalía
Lauro
Aníbal
Ubaldo
Valerio
Tadeo
Santiaga
Faustino
Manuela
Aníbal
Elvira
Tadeo
Elio
Faustino
Jairo
Tadeo
Lázaro
Eliso
Jasmín
Kian
Lía
Maximiliano
Dalia
Otilia
Nerea
Braulio
Nerea
Mabel
Lázaro
Ivette
Agustína
Ailén
Nerea
Mabel
Ezequiel
Greto
Inésa
Hilario
Ivette
Jairo
Nicanor
Lázaro
Mabel
Nerea
Octavia
Xochitl
Rina
Rina
Celina
Wally
Xochitl
Yara
Gildardo
Amparo
Yadira
Flavio
Dorian
Oren
Ubalda
Gildardo
Basilia
Oren
Matea
Lisette
Iñigo
Nicanor
Oren
Selina
Ubalda
Vesper
Vesper
Wilmer
Alejandra
Emmo
Nicolása
Emmo
Yadira
Emmo
Juliána
Yadira
Ailín
Emmo
Samuela
Matea
Rhadamanto
Leonarda
Alejandra
Renato
Camilo
Lauro
Ubalda
Nicolása
Andrésa
Jimeno
Tomása
Claro
Renato
Tereso
Cristiana
Juliána
Joaquína
Lauro
Joaquína
Davida
Ximeno
Galaxia
Felipea
Adriána
Ximeno
Felipea
Manuela
Victorio
Gonzala
Manuela
Carlo
Natalio
Mío
Natalio
Aitano
Eliso
Valerio
Cristiana
Emiliana
Gonzala
Lucasa
Aitano
Bruna
Saro
Palomo
Greto
Kiaro
Leticio
Leticio
Fernanda
Inésa
Eleno
Damiána
Ulisesa
Eleno
Adriano
Ampara
Javiera
Javiera
Adriano
Daría
Palomo
Quima
Wáltera
Tanio
Tanio
Ulisesa
Celestea
Xenio
Basilia
Yaga
Zairo
Ubaldo
Benjamína
Verónico
Pabla
Estefanío
Lisandra
Giselo
Hildo
Karlo
Karlo
Yadiro
Emiliana
Noéa
Teodoro
Candelario
Uriela
Salmo
Damiána
Leandra
Verónico
Agustino
Agustino
Basilia
Kiaro
Dariano
Kassandro
Norberta
Gonzalita
Ikera
Isidora
Elia
Faustina
Maximiliana
Norberta
Ubalda
Quirina
Rosalío
Silvestrea
Ubalda
Ubalda
Elia
Wilmo
Ximena
Yessenio
Otilio
Tadea
Genara
Wenceslaa
Ailéna
Ezequiela
Ikera
Ivettea
Otilio
Ezequiela
Jasmína
Ivettea
Pío
Agustino
Néstora
Otilio
Rino
Mabela
Fabiolo
Selenea
Tadea
Quetzallia
Ampara
Abrilo
Fabiolo
Dalio
Ezequiela
Fabiolo
Genovevo
Hilaria
Celino
Jaira
Yaro
Orena
Mabela
Sorena
Eliano
Pío
Ubaldo
Vespera
Yaro
Jovano
Xochitla
Yaro
Nicanora
Ampara
Elviro
Celino
Lío
Maximiliana
Faustino
Delfína
Ubaldo
Selino
Yadiro
Lisettea
Elviro
Pablo
Dacio
Kael
Sorena
Ubaldo
Verónica
Fabiolo
Xeno
Basilio
Delfína
Elviro
Flavia
Cira
Dacio
Galo
Vesta
Sael
Amalia
Baltasar
Norberto
Aritz
Eulalia
Aritz
Dánae
Hesperia
Iara
Jaziel
Kael
Lira
Marcio
Nidia
Orestes
Aritz
Querubín
Uxío
Jandiel
Tadeo
Uxío
Vesta
Vesper
Xalvador
Yumal
Aritz
Xeno
Brisa
Hannia
Suhail
Froilán
Unai
Leonarda
Mariano
Itxaso
Jandiel
Kalén
Melquiades
Melquiades
Camilo
Oihane
Mariano
Sebastiána
Emmo
Suhail
Tirso
Sebastiána
Vesper
Waskar
Xareni
Huga
Claro
Martína
Leonarda
Diega
Martíno
Adriána
Gabrielo
Mariano
Gabrielo
Gabrielo
Emmo
Lucío
Claro
Juliána
Valerio
Huga
Natalio
Martína
Martína
Paulo
Lauro
Saro
Huga
Adriána
Mío
Jimeno
Carlo
Ximeno
Lucasa
Victorio
Manuela
Carlo
Joaquína
Raúlo
Andrésa
Natalio
Eleno
Sola
Cristiana
Eliso
Gonzala
Lucasa
Ivána
Bruna
Ulisesa
Ivána
Eleno
Raúla
Yaga
Leticio
Yaga
Fernanda
Quima
Tanio
Damiána
Eleno
Facunda
Inésa
Javiera
Xenio
Kiaro
Octavia
Palomo
Zairo
Raquela
Simóna
Tanio
Zairo
Violeto
Wáltera
Uriela
Verónico
Dariano
Benjamína
Benjamína
Celestea
Daría
Estefanío
Ivano
Teodora
Kassandro
Ivano
Salmo
Matildo
Uriela
Noéa
Ofelio
Pabla
Quetzala
Salmo
Teodora
Uriela
Verónico
Wilmo
Agustino
Leandra
Florencio
Dariano
Patricia
Gonzalita
Delfino
Hildo
Isidora
Genara
Milagrosa
Cira
Ximena
Elia
Quirina
Aníbala
Silvestrea
Otilio
Ximena
Genara
Néstora
Ximena
Yessenio
Cira
Hortensio
Berenicea
Cira
Delfino
Genovevo
Faustina
Genara
Hortensio
Ikera
Fabiolo
Ezequiela
Hilaria
Genovevo
Dalio
Otilio
Priscilo
Quiano
Pío
Teodosio
Lázara
Ivettea
Wenceslaa
Ailéna
Braulia
Dalio
Yaro
Doriana
Genovevo
Mariano
Ivettea
Jaira
Wallya
Lázara
Mabela
Nereo
Octavio
Pío
Gildarda
Salvatorea
Celino
Paulo
Xochitla
Yaro
Iñakia
Ampara
Quirino
Flavia
Doriana
Eliano
Basilio
Vespera
Basilio
Iñakia
Elvira
Isabella
Micaelo
Nicanora
Melino
Camila
Sorena
Isabella
Basilio
Xeno
Xeno
Flavia
Delfína
Isabella
Flavia
Isabella
Selino
Renata
Nicoláso
Iñiga
Sofía
Mateo
Nicoláso
Isabella
Isabella
Gabriela
Samuelo
Victoria
Davido
Nicoláso
Palomo
Laura
Juliáno
Mía
Renata
Alejandro
Adriáno
Elisa
Hugo
Martíno
Paula
Victoria
Tomáso
Hugo
Laura
Lucaso
Jimena
Felipeo
Santiago
Santiago
Victoria
Manuelo
Andréso
Fernando
Emiliano
Andréso
Natalia
Tomáso
Valeria
Cristiano
Sara
Abrilo
Aitana
Aitana
Sara
Sara
Iváno
Ximena
Raúlo
Javiero
Violeta
Javiero
Fernando
Abrilo
Abrilo
Damiáno
Federico
Octavio
Greta
Inéso
Héctoro
Yago
Benjamíno
Paloma
Raquelo
Uliseso
Héctoro
Pablo
Karla
Wáltero
Benjamíno
Pablo
Yago
Zaira
Ikera
Ivana
Darío
Elisa
Agustina
Federico
Karla
Urielo
Ivana
Karla
Verónica
Wilfredo
Verónica
Wilfredo
Pablo
Quetzalo
Salma
Teodoro
Gonzalito
Verónica
Isidoro
Agustinareverse
Jaira
!reverse;
Lázara
Candelaria
Gonzalito
Patricio
Florencia
Valerio
Ubaldo
Isidoro
Kassandra
Delfina
Ubaldo
Norberto
Patricio
Quirino
Rosalía
Silvestreo
Yessenia
Faustino
Valerio
Wilma
Ikero
Yessenia
Zulema
Rocco
Ikero
Noéo
Delfina
Ezequielo
Faustino
Wenceslao
Lázaro
Priscila
Basilio
Kiano
Lía
Maximiliano
Néstoro
Otilia
Priscila
Quiana
Rocco
Mabelo
Ailéno
Braulio
Wenceslao
Zafiro
Eliana
Dalia
Eliana
Ivetteo
Wallyo
Kira
Iñakio
Lucía
Gildardo
Lázaro
Mabelo
Nerea
Aníbalo
Pía
Quirina
Micaela
Ubalda
Xena
Xochitlo
Doriano
Elvira
Amparo
Braiano
Oreno
Basilia
Eliana
Faustina
Gildardo
Elvira
Vespero
Wilmero
Flavio
Micaela
Vespero
Oreno
Gala
Wilmero
Xena
Dacia
Wilmero
Melina
Basilia
Delfíno
Elvira
Tadea
Amalio
Selina
Querubína
Ailíno
Eulalio
Amalio
Uxía
Xalvadora
Dacia
Eulalio
Querubína
Tadea
Querubína
Celina
Jaziela
Froilána
Uxía
Vesto
Uliseso
Xalvadora
Cibelesa
Nahio
Rigela
Saela
Wadiha
Uxía
Itxasa
Wadiha
Eneka
Yumala
Xena
Aritza
Briso
Vespera
Dánaea
Matilda
Quircea
Fructuoso
Waskara
Itxasa
Jandiela
Nahio
Ludmilo
Lapislázuli
Nature
Hegio
Ildefonso
Tirsa
Unaia
Nébeda
Tirsa
Lapislázuli
Eudoxia
Waskara
Xarenia
Nébeda
Ildefonso
Covadonga
Sibila
Nébeda
Ildefonso
Valkiria
Yohual
Lapislázuli
Miosotis
Leovigildo
Lapislázuli
Miosotis
Waldemar
Zelote
Hodei
Hésper
Rhadamanto
Elio
Tácito
Andrésa
Orión
Waldemar
Narciso
Sorolla
Zelote
Enekoitz
Céfiro
Sorolla
Anastasio
Paio
Odoario
Munio
Diega
Odoario
Wenceslao
Mariano
Braulio
Galaxia
Hésper
Lucío
Zurbarán
Valentino
Ivetteo
Quevedo
Sorolla
Gabrielo
Gundisalvo
Lucío
Alejandra
Valentino
Alejandra
Matea
Felipea
Mariano
Isabello
Sebastiána
Camilo
Renato
Mariano
Carlo
Gabrielo
Samuela
Lucío
Ano
Renato
Lauro
Emmo
Paulo
Gonzala
Victorio
Huga
Davida
Claro
Huga
Lauro
Adriána
Saro
Felipea
Sola
Santiaga
Victorio
Mío
Saro
Joaquína
Saro
Ivána
Natalio
Abrila
Valerio
Dacia
Saro
Fabia
Tanio
Quima
Sola
Saro
Ivána
Ximeno
Inésa
Emiliana
Raquela
Sola
Violeto
Agustína
Abrila
Damiána
Eleno
Vesto
Greto
Xalvadora
Javiera
Kiaro
Jasmína
Adriano
Quima
Celestea
Simóna
Tanio
Ulisesa
Violeto
Zairo
Jandiela
Yaga
Zairo
Quetzala
Giselo
Celestea
Salmo
Estefanío
Salmo
Genovevo
Héctora
Elíasa
Florencio
Lisandra
Lázara
Noéa
Hildo
Quirina
Wilfreda
Elíasa
Rosalío
Candelario
Hildo
Wilfreda
Agustino
Basilia
Rosalío
Aníbala
Elíasa
Yessenio
Gonzalita
Leandra
Zulemo
Yessenio
Zulemo
Milagrosa
Norberta
Silvestrea
Hortensio
Ikera
Silvestrea
Jimena
Felipeo
Genara
Hortensio
Selenea
Manuelo
Cira
Aníbala
Ikera
Cira
Natalia
Lío
Faustina
Genara
Hortensio
Ikera
Nereo
Kiana
Lío
Maximiliana
Néstora
Quetzallia
Wallya
Jazielo
Fabiolo
Kiro
Ampara
Vanio
Dalio
Ailéna
Eliano
Dalio
Ezequiela
Fabiolo
Celino
Hilaria
Lázara
Jaira
Kiro
Lázara
Mabela
Nereo
Eliano
Pío
Wallya
Micaelo
Salvatorea
Hannia
Nicanora
Jovano
Zafira
Darío
Iñakia
Celino
Melino
Flavia
Yadiro
Gildarda
Elviro
Tirso
Jovano
Flavia
Waskaro
Selino
Orena
Isabella
Yadiro
Delfína
Vespera
Delfína
Xeno
Basilio
Delfína
Lucía
Flavia
Melino
Selino
Yadiro
Ailína
Ana
Sofía
Mateo
Valentina
Clara
Isabella
Sebastiáno
Nicoláso
Paula
Mariana
Victoria
Alejandro
Natalia
Alejandro
Ana
Adriáno
Alejandro
Emma
Mía
Felipeo
Martíno
Paula
Natalia
Adriáno
Natalia
Lía
Mía
Jimena
Felipeo
Teresa
Carla
Ximena
Manuelo
Solo
Greta
Cristiano
Abrilo
Aitana
Tomáso
Valeria
Cristiano
Raquelo
Gonzalo
Lucaso
Octavio
Damiáno
Sara
Violeta
Wáltero
Zaira
Emiliano
Leticia
Rina
Tania
Wáltero
Abrilo
Quimo
Zafiro
Facundo
Raquelo
Inéso
Javiero
Kiara
Ofelia
Paloma
Héctoro
Uliseso
Galaxio
Tania
Benjamíno
Violeta
Wáltero
Lopea
Yago
Ivana
Verónica
Wilmero
Celesteo
Lisandro
Isidoro
Elvira
Junkala
Héctoro
Matilda
Dariana
Lisandro
Milagroso
Noéo
Ofelia
Pablo
Héspera
Salma
Teodoro
Silvestreo
Verónica
Wilfredo
Agustina
Silvestreo
Candelaria
Silvestreo
Ximeno
Elio
Alejandra
Aníbalo
Isidoro
Kassandra
Leandro
Ciro
Norberto
Patricio
Delfina
Rosalía
Silvestreo
Teodora
Rocco
Valerio
Jasmíno
Otilia
Yessenia
Ailéno
Aníbalo
Fabiola
Ciro
Dalia
Néstoro
Valerio
Genaro
Hortensia
Rocco
Jasmíno
Ivetteo
Otilia
Maximiliano
Nerea
Otilia
Fabiola
Zurbarána
Ailéno
Wenceslao
Tadeo
Vania
Hilario
Ailéno
Braulio
Teodosia
Ezequielo
Fabiola
Lázaro
Hilario
Rina
Jairo
Rina
Octavia
Iñakio
Nerea
Octavia
Oreno
Quetzallio
Rina
Salvatoreo
Heloísa
Adriano
Yara
Zafiro
Amparo
Braiano
Vespero
Doriano
Oreno
Quirina
Gildardo
Basilia
Iñakio
Jovana
Flavio
Micaela
Nicanoro
Galaxio
Kaela
Soreno
Ubalda
Basilia
Wilmero
Elvira
Basilia
Dariano
Amalio
Yadira
Melina
Selina
Yadira
Nidio
Iñigo
Zacaríasa
Marcia
Ciro
Quirina
Eulalio
Saela
Gala
Kaela
Iaro
Jaziela
Kaela
Itxasa
Rigela
Saela
Orestesa
Uxía
Tadea
Melquiadesa
Yessenio
Tadea
Uxía
Aritza
Hannio
Suhaila
Froilána
Melquiadesa
Aritza
Briso
Nahio
Itxasa
Sebastiáno
Froilána
Xarenia
Hannio
Itxasa
Jandiela
Danae
Waskara
Tirsa
Valentina
Oihanea
Pervinco
Tirsa
Raysela
Suhaila
Tirsa
Unaia
Camila
Waskara
Gabriela
Sofía
Priscilo
Valentina
Leonardo
Isabella
Sebastiáno
Manuelo
Teresa
Samuelo
Nicoláso
Gabriela
Samuelo
Juliáno
Danielo
Renata
Alejandro
Emma
Mía
Gonzalo
Clara
Paula
Davido
Adriáno
Hugo
Laura
Victoria
Jimena
Felipeo
Teresa
Fernando
Sara
Iváno
Carla
Danae
Mía
Elena
Damiáno
Elena
Aitana
Elena
Elisa
Iváno
Lucaso
Aitana
Inéso
Sara
Solo
Greta
Raúlo
Yago
Facundo
Solo
Fernando
Octavio
Federico
Damiáno
Elena
Javiero
Greta
Adriana
Javiero
Yago
Octavio
Gisela
Tania
Salma
Simóno
Urielo
Benjamíno
Estefanía
Wáltero
Xenia
Yago
Celesteo
Teodoro
Florencia
Celesteo
Wilfredo
Héctoro
Basilio
Karla
Salma
Ivana
Karla
Agustina
Rosalía
Noéo
Ofelia
Pablo
Quetzalo
Verónica
Teodoro
Urielo
Zulema
Vespera
Agustina
Quirino
Delfina
Dariana
Delfina
Leandro
Hortensia
Ubaldo
Zulema
Ciro
Jasmíno
Quirino
Delfina
Patricio
Valerio
Ubaldo
Silvestreo
Aníbalo
Ubaldo
Seleneo
Jasmíno
Ximeno
Jasmíno
Dalia
Faustino
Bereniceo
Ivetteo
Ailéno
Elio
Vania
Genaro
Hortensia
Ikero
Hilario
Kiano
Lía
Kira
Néstoro
Rocco
Priscila
Ivetteo
Rocco
Wenceslao
Ailéno
Vania
Wenceslao
Faustina
Jairo
Octavia
Ezequielo
Heloísa
Genoveva
Pacorro
Pía
Braiano
Rina
Octavia
Mabelo
Quetzallio
Wallyo
Pía
Ubalda
Uxío
Quirina
Wallyo
Danae
Jovana
Danae
Flavio
Braiano
Celina
Lisetteo
Jovana
Iñigo
Gildardo
Lisetteo
Ailíno
Matea
Flavio
Micaela
Delfíno
Oreno
Quirina
Soreno
Ailíno
Vespero
Gabrielo
Yadira
Lucío
Sebastiána
Sofío
Flavio
Melina
Sebastiána
Kaléno
Ailíno
Iñigo
Sofío
Matea
Felipea
Lauro
Isabello
Gabrielo
Nicolása
Paulo
Pervinca
Nicolása
Andrésa
Samuela
Lucío
Mío
Renato
Paulo
Davida
Juliána
Andrésa
Martína
Aitano
Eliso
Claro
Mío
Danae
Raúla
Cristiana
Felipea
Saro
Raúla
Victorio
Mío
Damiána
Natalio
Sola
Raúla
Natalio
Eleno
Valerio
Bruna
Eliso
Greto
Damiána
Quima
Bruna
Greto
Raquela
Ximeno
Raúla
Emiliana
Leticio
Eleno
Fernanda
Agustína
Abrila
Estefanío
Federica
Adriano
Karlo
Inésa
Palomo
Quima
Octavia
Pabla
Quima
Ulpiana
Simóna
Tanio
Ulisesa
Violeto
Daría
Xenio
Benjamína
Zairo
Quetzala
Benjamína
Zelotea
Daría
Estefanío
Salmo
Giselo
Héctora
Teodora
Pabla
Lisandra
Matildo
Norberta
Milagrosa
Leovigilda
Quetzala
Agustino
Teodora
Wilmo
Verónico
Ubalda
Agustino
Norberta
Teodoro
Danae
Elíasa
Florencio
Gonzalita
Hildo
Rosalío
Kassandro
Orióna
Cira
Danae
Patricia
Ximena
Rosalío
Silvestrea
Otilio
Ubalda
Ikera
Néstora
Quiano
Yessenio
Genara
Aníbala
Ailéna
Jasmína
Vanio
Elia
Ailéna
Genara
Hortensio
Ikera
Jasmína
Rocca
Lío
Maximiliana
Hilaria
Otilio
Pío
Wenceslaa
Lázara
Selenea
Dalio
Kiro
Jaira
Ailéna
Braulia
Dalio
Nereo
Kiro
Wallya
Hilaria
Nereo
Braiana
Kiro
Octavio
Nicanora
Xochitla
Celino
Xochitla
Quetzallia
Rino
Salvatorea
Micaelo
Ubaldo
Yaro
Anastasia
Doriana
Braiana
Celino
Doriana
Eliano
Faustino
Micaelo
Heloíso
Vespera
Wilmera
Lisettea
Ubaldo
Eulalia
Fabio
Galo
Jazielo
Xeno
Basilio
Cira
Xeno
Querubíno
Fabio
Amalia
Flavia
Melino
Pacorro
Danae
Ailína
Iñiga
Pacorro
Iara
Cira
Dacio
Brisa
Fabio
Froiláno
Eneko
Lira
Gredoso
Kaelo
Oresteso
Marcio
Querubíno
Oresteso
Pacorro
Querubíno
Eneko
Saelo
Tadeo
Nahia
Vesta
Dánaeo
Cibeleso
Ludmila
Eneko
Aritzo
Gredoso
Cibeleso
Suhailo
Eneko
Froiláno
Gredoso
Melquiadeso
Danae
Unaio
Fructuosa
Ludmila
Rayselo
Covadongo
Oihaneo
Pervinca
Jerónidesa
Naturea
Danae
Covadongo
Unaio
Gumersinda
Tácita
Sibilo
Danae
Gumersinda
Covadongo
Diodora
Eudoxio
Sibilo
Lapislázulia
Junkala
Ildefonsa
Jerónidesa
Tácita
Lapislázulia
Leovigilda
Nébedo
Xaloca
Petronilo
Quiróna
Orióna
Paia
Tácita
Ulpiana
Valkirio
Zelotea
Danae
Yohuala
Wifreda
Enekoitza
Orióna
Nuña
Iratxea
Nuña
Céfira
Munia
Céfira
Zurbarána
Orióna
Sorollo
Junkala
Electro
Héspera
Orióna
Queveda
Sorollo
Odoaria
Queveda
Sorollo
Teodosia
Wifreda
Danae
Teodosia
Wifreda
Galaxio
Nuña
Leovigilda
Munia
Nuña
Danae
Paia
Céfira
Gongorina
Galaxio
Gongorina
Leovigilda
Galaxio
Sorollo
Céfira
Héspera
Sorollo
Anastasia
Junkala
atxea
Teodosia
Wifreda
Odoaria
atxea
Wifreda
Zurbarána
Nuña
Teodosia
Anastasia
Héspera
Galaxio
Galaxio
Queveda
Lopea
Zurbarána
Paia
Orióna
Queveda
Sorollo
Teodosia
Gundisalva
Leovigilda
Teodosia
Wifreda
atxea
Teodosia
Wifreda
Munia
Nuña
Odoaria
Paia
Héspera
Electro
Sorollo
Danae
Orióna
Zurbarána
Leovigilda
Anastasia
Electro
Sorollo
Héspera
Nuña
Electro
Munia
Sorollo
Paia
Nuña
Narcisa
Electro
Céfira
Héspera
Narcisa
Paia
Gongorina
Nuña
Munia
Paia
Zurbarána
Lopea
Wifreda
Queveda
Queveda
Teodosia
Wifreda
Narcisa
Teodosia
Wifreda
Odoaria
Nuña
Leovigilda
Munia
Galaxio
Teodosia
Paia
Teodosia
Queveda
Paia
Héspera
Orióna
Zurbarána
Zurbarána
Lopea
Queveda
Orióna
Héspera
Wifreda
Narcisa
Munia
Wifreda
Wifreda
Junkala
Céfira
Sorollo
Nuña
Héspera
Galaxio
Céfira
Electro
Danae
Héspera
Sorollo
Anastasia
Gongorina
Céfira
Sorollo
Sorollo
Anastasia
Odoaria
Zurbarána
Munia
Sorollo
atxea
atxea
Galaxio
Danae
Nuña
Danae
Céfira
Leovigilda
Orióna
Gundisalva
Martín
Orióna
Julián
Gundisalva
Alejandro
Queveda
Sorollo
Teodosia
Wifreda
Nuña
Danae
Danae
atxea
Leovigilda
Danae
Danae
Danae
Odoaria
Danae
